[debug] [2019-05-16T16:43:04.316Z] ----------------------------------------------------------------------
[debug] [2019-05-16T16:43:04.319Z] Command:       C:\Program Files (x86)\nodejs\node.exe C:\Users\stefano.mora\AppData\Roaming\npm\node_modules\firebase-tools\lib\bin\firebase.js deploy
[debug] [2019-05-16T16:43:04.320Z] CLI Version:   6.9.2
[debug] [2019-05-16T16:43:04.320Z] Platform:      win32
[debug] [2019-05-16T16:43:04.320Z] Node Version:  v10.15.1
[debug] [2019-05-16T16:43:04.322Z] Time:          Thu May 16 2019 18:43:04 GMT+0200 (GMT+02:00)
[debug] [2019-05-16T16:43:04.322Z] ----------------------------------------------------------------------
[debug] 
[debug] [2019-05-16T16:43:04.334Z] > command requires scopes: ["email","openid","https://www.googleapis.com/auth/cloudplatformprojects.readonly","https://www.googleapis.com/auth/firebase","https://www.googleapis.com/auth/cloud-platform"]
[debug] [2019-05-16T16:43:04.335Z] > authorizing via signed-in user
[debug] [2019-05-16T16:43:04.335Z] [iam] checking project myfirstpwa-37305 for permissions ["firebase.projects.get","firebasehosting.sites.update"]
[debug] [2019-05-16T16:43:04.337Z] >>> HTTP REQUEST POST https://cloudresourcemanager.googleapis.com/v1/projects/myfirstpwa-37305:testIamPermissions  

[debug] [2019-05-16T16:43:05.420Z] <<< HTTP RESPONSE 200
[debug] [2019-05-16T16:43:05.430Z] >>> HTTP REQUEST GET https://firebase.googleapis.com/v1beta1/projects/myfirstpwa-37305  
 
[debug] [2019-05-16T16:43:05.767Z] <<< HTTP RESPONSE 200
[info] 
[info] === Deploying to 'myfirstpwa-37305'...
[info] 
[info] i  deploying hosting
[debug] [2019-05-16T16:43:05.798Z] >>> HTTP REQUEST POST https://firebasehosting.googleapis.com/v1beta1/sites/myfirstpwa-37305/versions  

[debug] [2019-05-16T16:43:16.721Z] <<< HTTP RESPONSE 503
[debug] [2019-05-16T16:43:16.721Z] <<< HTTP RESPONSE BODY
[error] 
[error] Error: HTTP Error: 503, The service is currently unavailable.
[debug] [2019-05-16T16:43:16.738Z] Error Context: {
  "body": {
    "error": {
      "code": 503,
      "message": "The service is currently unavailable.",
      "status": "UNAVAILABLE"
    }
  },
  "response": {
    "statusCode": 503,
    "body": {
      "error": {
        "code": 503,
        "message": "The service is currently unavailable.",
        "status": "UNAVAILABLE"
      }
    },
    "headers": {
      "vary": "X-Origin, Referer, Origin,Accept-Encoding",
      "content-type": "application/json; charset=UTF-8",
      "date": "Thu, 16 May 2019 16:39:26 GMT",
      "server": "ESF",
      "cache-control": "private",
      "x-xss-protection": "0",
      "x-frame-options": "SAMEORIGIN",
      "x-content-type-options": "nosniff",
      "alt-svc": "quic=\":443\"; ma=2592000; v=\"46,44,43,39\"",
      "accept-ranges": "none",
      "transfer-encoding": "chunked"
    },
    "request": {
      "uri": {
        "protocol": "https:",
        "slashes": true,
        "auth": null,
        "host": "firebasehosting.googleapis.com",
        "port": 443,
        "hostname": "firebasehosting.googleapis.com",
        "hash": null,
        "search": null,
        "query": null,
        "pathname": "/v1beta1/sites/myfirstpwa-37305/versions",
        "path": "/v1beta1/sites/myfirstpwa-37305/versions",
        "href": "https://firebasehosting.googleapis.com/v1beta1/sites/myfirstpwa-37305/versions"
      },
      "method": "POST"
    }
  }
}
